2022-08-28 17:49:06 INFO  ReceiptDaoImpl:337 - Adding receipt to archive with id: 110
2022-08-28 17:49:06 ERROR ReceiptDaoImpl:345 - Error during adding products to receipt
java.sql.SQLIntegrityConstraintViolationException: Column 'number_of_products' cannot be null
	at com.mysql.cj.jdbc.exceptions.SQLError.createSQLException(SQLError.java:117)
	at com.mysql.cj.jdbc.exceptions.SQLExceptionsMapping.translateException(SQLExceptionsMapping.java:122)
	at com.mysql.cj.jdbc.ClientPreparedStatement.executeInternal(ClientPreparedStatement.java:916)
	at com.mysql.cj.jdbc.ClientPreparedStatement.executeUpdateInternal(ClientPreparedStatement.java:1061)
	at com.mysql.cj.jdbc.ClientPreparedStatement.executeUpdateInternal(ClientPreparedStatement.java:1009)
	at com.mysql.cj.jdbc.ClientPreparedStatement.executeLargeUpdate(ClientPreparedStatement.java:1320)
	at com.mysql.cj.jdbc.ClientPreparedStatement.executeUpdate(ClientPreparedStatement.java:994)
	at org.apache.commons.dbcp2.DelegatingPreparedStatement.executeUpdate(DelegatingPreparedStatement.java:136)
	at org.apache.commons.dbcp2.DelegatingPreparedStatement.executeUpdate(DelegatingPreparedStatement.java:136)
	at com.example.cashregister.dao.impl.ReceiptDaoImpl.addReceiptAndProductsToArchive(ReceiptDaoImpl.java:342)
	at com.example.cashregister.dao.impl.ReceiptDaoImpl.closeReceipt(ReceiptDaoImpl.java:285)
	at com.example.cashregister.App.main(App.java:16)
2022-08-28 17:49:06 ERROR ReceiptDaoImpl:288 - Error during closing the receipt
java.sql.SQLIntegrityConstraintViolationException: Column 'number_of_products' cannot be null
	at com.mysql.cj.jdbc.exceptions.SQLError.createSQLException(SQLError.java:117)
	at com.mysql.cj.jdbc.exceptions.SQLExceptionsMapping.translateException(SQLExceptionsMapping.java:122)
	at com.mysql.cj.jdbc.ClientPreparedStatement.executeInternal(ClientPreparedStatement.java:916)
	at com.mysql.cj.jdbc.ClientPreparedStatement.executeUpdateInternal(ClientPreparedStatement.java:1061)
	at com.mysql.cj.jdbc.ClientPreparedStatement.executeUpdateInternal(ClientPreparedStatement.java:1009)
	at com.mysql.cj.jdbc.ClientPreparedStatement.executeLargeUpdate(ClientPreparedStatement.java:1320)
	at com.mysql.cj.jdbc.ClientPreparedStatement.executeUpdate(ClientPreparedStatement.java:994)
	at org.apache.commons.dbcp2.DelegatingPreparedStatement.executeUpdate(DelegatingPreparedStatement.java:136)
	at org.apache.commons.dbcp2.DelegatingPreparedStatement.executeUpdate(DelegatingPreparedStatement.java:136)
	at com.example.cashregister.dao.impl.ReceiptDaoImpl.addReceiptAndProductsToArchive(ReceiptDaoImpl.java:342)
	at com.example.cashregister.dao.impl.ReceiptDaoImpl.closeReceipt(ReceiptDaoImpl.java:285)
	at com.example.cashregister.App.main(App.java:16)
2022-08-28 17:49:35 INFO  ReceiptDaoImpl:337 - Adding receipt to archive with id: 114
2022-08-28 17:49:35 ERROR ReceiptDaoImpl:345 - Error during adding products to receipt
java.sql.SQLException: Column count doesn't match value count at row 1
	at com.mysql.cj.jdbc.exceptions.SQLError.createSQLException(SQLError.java:129)
	at com.mysql.cj.jdbc.exceptions.SQLExceptionsMapping.translateException(SQLExceptionsMapping.java:122)
	at com.mysql.cj.jdbc.ClientPreparedStatement.executeInternal(ClientPreparedStatement.java:916)
	at com.mysql.cj.jdbc.ClientPreparedStatement.executeUpdateInternal(ClientPreparedStatement.java:1061)
	at com.mysql.cj.jdbc.ClientPreparedStatement.executeUpdateInternal(ClientPreparedStatement.java:1009)
	at com.mysql.cj.jdbc.ClientPreparedStatement.executeLargeUpdate(ClientPreparedStatement.java:1320)
	at com.mysql.cj.jdbc.ClientPreparedStatement.executeUpdate(ClientPreparedStatement.java:994)
	at org.apache.commons.dbcp2.DelegatingPreparedStatement.executeUpdate(DelegatingPreparedStatement.java:136)
	at org.apache.commons.dbcp2.DelegatingPreparedStatement.executeUpdate(DelegatingPreparedStatement.java:136)
	at com.example.cashregister.dao.impl.ReceiptDaoImpl.addReceiptAndProductsToArchive(ReceiptDaoImpl.java:343)
	at com.example.cashregister.dao.impl.ReceiptDaoImpl.closeReceipt(ReceiptDaoImpl.java:285)
	at com.example.cashregister.App.main(App.java:16)
2022-08-28 17:49:35 ERROR ReceiptDaoImpl:288 - Error during closing the receipt
java.sql.SQLException: Column count doesn't match value count at row 1
	at com.mysql.cj.jdbc.exceptions.SQLError.createSQLException(SQLError.java:129)
	at com.mysql.cj.jdbc.exceptions.SQLExceptionsMapping.translateException(SQLExceptionsMapping.java:122)
	at com.mysql.cj.jdbc.ClientPreparedStatement.executeInternal(ClientPreparedStatement.java:916)
	at com.mysql.cj.jdbc.ClientPreparedStatement.executeUpdateInternal(ClientPreparedStatement.java:1061)
	at com.mysql.cj.jdbc.ClientPreparedStatement.executeUpdateInternal(ClientPreparedStatement.java:1009)
	at com.mysql.cj.jdbc.ClientPreparedStatement.executeLargeUpdate(ClientPreparedStatement.java:1320)
	at com.mysql.cj.jdbc.ClientPreparedStatement.executeUpdate(ClientPreparedStatement.java:994)
	at org.apache.commons.dbcp2.DelegatingPreparedStatement.executeUpdate(DelegatingPreparedStatement.java:136)
	at org.apache.commons.dbcp2.DelegatingPreparedStatement.executeUpdate(DelegatingPreparedStatement.java:136)
	at com.example.cashregister.dao.impl.ReceiptDaoImpl.addReceiptAndProductsToArchive(ReceiptDaoImpl.java:343)
	at com.example.cashregister.dao.impl.ReceiptDaoImpl.closeReceipt(ReceiptDaoImpl.java:285)
	at com.example.cashregister.App.main(App.java:16)
2022-08-28 17:57:40 INFO  ReceiptDaoImpl:337 - Adding receipt to archive with id: 114
